Using pre-set license
Built from '2020.3/release' branch; Version is '2020.3.15f2 (6cf78cb77498) revision 7141260'; Using compiler version '192528614'; Build Type 'Release'
OS: 'Windows 10 Pro; OS build 19041.1165; Version 2004; 64bit' Language: 'pt' Physical Memory: 16319 MB
BatchMode: 1, IsHumanControllingUs: 0, StartBugReporterOnCrash: 0, Is64bit: 1, IsPro: 0

 COMMAND LINE ARGUMENTS:
D:\Unity\Unity Editors\2020.3.15f2\Editor\Unity.exe
-adb2
-batchMode
-noUpm
-name
AssetImportWorker0
-projectPath
D:/Documents/GithubProjects/GameJams/BRACKEYS GAMEJAM 2021/Jogo-do-Barco/Jogo do Barco
-logFile
Logs/AssetImportWorker0.log
-srvPort
52424
Successfully changed project path to: D:/Documents/GithubProjects/GameJams/BRACKEYS GAMEJAM 2021/Jogo-do-Barco/Jogo do Barco
D:/Documents/GithubProjects/GameJams/BRACKEYS GAMEJAM 2021/Jogo-do-Barco/Jogo do Barco
Using Asset Import Pipeline V2.
Refreshing native plugins compatible for Editor in 73.17 ms, found 3 plugins.
Preloading 0 native plugins for Editor in 0.00 ms.
Initialize engine version: 2020.3.15f2 (6cf78cb77498)
[Subsystems] Discovering subsystems at path D:/Unity/Unity Editors/2020.3.15f2/Editor/Data/Resources/UnitySubsystems
[Subsystems] Discovering subsystems at path D:/Documents/GithubProjects/GameJams/BRACKEYS GAMEJAM 2021/Jogo-do-Barco/Jogo do Barco/Assets
GfxDevice: creating device client; threaded=0
Direct3D:
    Version:  Direct3D 11.0 [level 11.1]
    Renderer: NVIDIA GeForce GTX 1650 SUPER (ID=0x2187)
    Vendor:   
    VRAM:     3955 MB
    Driver:   27.21.14.5671
Shader 'Universal Render Pipeline/Particles/Lit': fallback shader 'Universal Render Pipeline/Particles/SimpleLit' not found
Initialize mono
Mono path[0] = 'D:/Unity/Unity Editors/2020.3.15f2/Editor/Data/Managed'
Mono path[1] = 'D:/Unity/Unity Editors/2020.3.15f2/Editor/Data/MonoBleedingEdge/lib/mono/unityjit'
Mono config path = 'D:/Unity/Unity Editors/2020.3.15f2/Editor/Data/MonoBleedingEdge/etc'
Using monoOptions --debugger-agent=transport=dt_socket,embedding=1,server=y,suspend=n,address=127.0.0.1:56020
Begin MonoManager ReloadAssembly
Registering precompiled unity dll's ...
Register platform support module: D:/Unity/Unity Editors/2020.3.15f2/Editor/Data/PlaybackEngines/WebGLSupport/UnityEditor.WebGL.Extensions.dll
Register platform support module: D:/Unity/Unity Editors/2020.3.15f2/Editor/Data/PlaybackEngines/WindowsStandaloneSupport/UnityEditor.WindowsStandalone.Extensions.dll
Register platform support module: D:/Unity/Unity Editors/2020.3.15f2/Editor/Data/PlaybackEngines/LinuxStandaloneSupport/UnityEditor.LinuxStandalone.Extensions.dll
Registered in 0.001924 seconds.
Native extension for LinuxStandalone target not found
Native extension for WindowsStandalone target not found
Native extension for WebGL target not found
Refreshing native plugins compatible for Editor in 69.25 ms, found 3 plugins.
Preloading 0 native plugins for Editor in 0.00 ms.
Mono: successfully reloaded assembly
- Completed reload, in  1.142 seconds
Domain Reload Profiling:
	ReloadAssembly (1142ms)
		BeginReloadAssembly (58ms)
			ExecutionOrderSort (0ms)
			DisableScriptedObjects (0ms)
			BackupInstance (0ms)
			ReleaseScriptingObjects (0ms)
			CreateAndSetChildDomain (1ms)
		EndReloadAssembly (436ms)
			LoadAssemblies (58ms)
			RebuildTransferFunctionScriptingTraits (0ms)
			SetupTypeCache (147ms)
			ReleaseScriptCaches (0ms)
			RebuildScriptCaches (30ms)
			SetupLoadedEditorAssemblies (191ms)
				LogAssemblyErrors (0ms)
				InitializePlatformSupportModulesInManaged (5ms)
				SetLoadedEditorAssemblies (0ms)
				RefreshPlugins (69ms)
				BeforeProcessingInitializeOnLoad (10ms)
				ProcessInitializeOnLoadAttributes (79ms)
				ProcessInitializeOnLoadMethodAttributes (27ms)
				AfterProcessingInitializeOnLoad (0ms)
				EditorAssembliesLoaded (0ms)
			ExecutionOrderSort2 (0ms)
			AwakeInstancesAfterBackupRestoration (0ms)
Platform modules already initialized, skipping
Registering precompiled user dll's ...
Registered in 0.007992 seconds.
Begin MonoManager ReloadAssembly
Native extension for LinuxStandalone target not found
Native extension for WindowsStandalone target not found
Native extension for WebGL target not found
Refreshing native plugins compatible for Editor in 66.73 ms, found 3 plugins.
Preloading 0 native plugins for Editor in 0.00 ms.
Mono: successfully reloaded assembly
- Completed reload, in  1.331 seconds
Domain Reload Profiling:
	ReloadAssembly (1332ms)
		BeginReloadAssembly (143ms)
			ExecutionOrderSort (0ms)
			DisableScriptedObjects (4ms)
			BackupInstance (0ms)
			ReleaseScriptingObjects (0ms)
			CreateAndSetChildDomain (18ms)
		EndReloadAssembly (1137ms)
			LoadAssemblies (105ms)
			RebuildTransferFunctionScriptingTraits (0ms)
			SetupTypeCache (341ms)
			ReleaseScriptCaches (1ms)
			RebuildScriptCaches (61ms)
			SetupLoadedEditorAssemblies (519ms)
				LogAssemblyErrors (0ms)
				InitializePlatformSupportModulesInManaged (5ms)
				SetLoadedEditorAssemblies (0ms)
				RefreshPlugins (67ms)
				BeforeProcessingInitializeOnLoad (107ms)
				ProcessInitializeOnLoadAttributes (325ms)
				ProcessInitializeOnLoadMethodAttributes (12ms)
				AfterProcessingInitializeOnLoad (3ms)
				EditorAssembliesLoaded (0ms)
			ExecutionOrderSort2 (0ms)
			AwakeInstancesAfterBackupRestoration (6ms)
Platform modules already initialized, skipping
========================================================================
Worker process is ready to serve import requests
Shader 'Universal Render Pipeline/Particles/Lit': fallback shader 'Universal Render Pipeline/Particles/SimpleLit' not found
Launched and connected shader compiler UnityShaderCompiler.exe after 0.07 seconds
Refreshing native plugins compatible for Editor in 0.71 ms, found 3 plugins.
Preloading 0 native plugins for Editor in 0.00 ms.
Unloading 3657 Unused Serialized files (Serialized files now loaded: 0)
System memory in use before: 153.7 MB.
System memory in use after: 153.8 MB.

Unloading 43 unused Assets to reduce memory usage. Loaded Objects now: 4100.
Total: 3.242800 ms (FindLiveObjects: 0.337200 ms CreateObjectMapping: 0.191900 ms MarkObjects: 2.576400 ms  DeleteObjects: 0.136300 ms)

AssetImportParameters requested are different than current active one (requested -> active):
  custom:framework-win-MediaFoundation: 216162199b28c13a410421893ffa2e32 -> 
  custom:video-decoder-ogg-theora: a1e56fd34408186e4bbccfd4996cb3dc -> 
  custom:container-muxer-webm: aa71ff27fc2769a1b78a27578f13a17b -> 
  custom:container-demuxer-webm: 4f35f7cbe854078d1ac9338744f61a02 -> 
  custom:container-demuxer-ogg: 62fdf1f143b41e24485cea50d1cbac27 -> 
  custom:video-encoder-webm-vp8: eb34c28f22e8b96e1ab97ce403110664 -> 
  custom:video-decoder-webm-vp8: 9c59270c3fd7afecdb556c50c9e8de78 -> 
  custom:audio-decoder-ogg-vorbis: bf7c407c2cedff20999df2af8eb42d56 -> 
  custom:audio-encoder-webm-vorbis: bf7c407c2cedff20999df2af8eb42d56 -> 
========================================================================
Received Import Request.
  path: Assets/RenderPipelines
  artifactKey: Guid(2b68db9ee6e2a114abe84f94f459421b) Importer(815301076,1909f56bfc062723c751e8b465ee728b)
Start importing Assets/RenderPipelines using Guid(2b68db9ee6e2a114abe84f94f459421b) Importer(815301076,1909f56bfc062723c751e8b465ee728b)  -> (artifact id: '2beb6ebdbc3b8d6ac983ce3b41ff9a4d') in 0.005712 seconds 
  Import took 0.011203 seconds .

========================================================================
Received Import Request.
  Time since last request: 17.060424 seconds.
  path: Assets/RenderPipelines/2D Renderer.asset
  artifactKey: Guid(0fa562b66aff23e40a86c1bde73f7de4) Importer(815301076,1909f56bfc062723c751e8b465ee728b)
Start importing Assets/RenderPipelines/2D Renderer.asset using Guid(0fa562b66aff23e40a86c1bde73f7de4) Importer(815301076,1909f56bfc062723c751e8b465ee728b)  -> (artifact id: '97239fcb954410e082548dea4b8fa303') in 0.083079 seconds 
  Import took 0.089047 seconds .

========================================================================
Received Import Request.
  Time since last request: 14.589966 seconds.
  path: Assets/RenderPipelines/Renderer Pipeline.asset
  artifactKey: Guid(47b55f6da7a1bb44bb7a964d3ef71176) Importer(815301076,1909f56bfc062723c751e8b465ee728b)
Start importing Assets/RenderPipelines/Renderer Pipeline.asset using Guid(47b55f6da7a1bb44bb7a964d3ef71176) Importer(815301076,1909f56bfc062723c751e8b465ee728b)  -> (artifact id: 'b4f04a4ecd100dc3c613772d56f547b6') in 0.026682 seconds 
  Import took 0.033195 seconds .

========================================================================
Received Import Request.
  Time since last request: 0.000278 seconds.
  path: Assets/RenderPipelines/Renderer Pipeline_Renderer.asset
  artifactKey: Guid(f7c34cbc205af374da3ba25c619754df) Importer(815301076,1909f56bfc062723c751e8b465ee728b)
Start importing Assets/RenderPipelines/Renderer Pipeline_Renderer.asset using Guid(f7c34cbc205af374da3ba25c619754df) Importer(815301076,1909f56bfc062723c751e8b465ee728b)  -> (artifact id: '6f71c3ca497ea94761fcd2d3428bd804') in 0.017072 seconds 
  Import took 0.022850 seconds .

========================================================================
Received Import Request.
  Time since last request: 9.834401 seconds.
  path: Assets/RenderPipelines/Renderer Pipeline.asset
  artifactKey: Guid(47b55f6da7a1bb44bb7a964d3ef71176) Importer(815301076,1909f56bfc062723c751e8b465ee728b)
Start importing Assets/RenderPipelines/Renderer Pipeline.asset using Guid(47b55f6da7a1bb44bb7a964d3ef71176) Importer(815301076,1909f56bfc062723c751e8b465ee728b)  -> (artifact id: '3790d4674c65277e6088ba0785463ec8') in 0.020147 seconds 
  Import took 0.027040 seconds .

========================================================================
Received Import Request.
  Time since last request: 0.000325 seconds.
  path: Assets/RenderPipelines/Renderer Pipeline_Renderer.asset
  artifactKey: Guid(f7c34cbc205af374da3ba25c619754df) Importer(815301076,1909f56bfc062723c751e8b465ee728b)
Start importing Assets/RenderPipelines/Renderer Pipeline_Renderer.asset using Guid(f7c34cbc205af374da3ba25c619754df) Importer(815301076,1909f56bfc062723c751e8b465ee728b)  -> (artifact id: 'bd34f335df35d5811a3ecc6c3f80cb9f') in 0.015678 seconds 
  Import took 0.021261 seconds .

========================================================================
Received Prepare
Shader 'Universal Render Pipeline/Particles/Lit': fallback shader 'Universal Render Pipeline/Particles/SimpleLit' not found
Refreshing native plugins compatible for Editor in 5.69 ms, found 3 plugins.
Preloading 0 native plugins for Editor in 0.00 ms.
Unloading 75 Unused Serialized files (Serialized files now loaded: 0)
System memory in use before: 80.9 MB.
System memory in use after: 81.0 MB.

Unloading 26 unused Assets to reduce memory usage. Loaded Objects now: 4149.
Total: 4.527000 ms (FindLiveObjects: 0.314800 ms CreateObjectMapping: 0.175100 ms MarkObjects: 3.926400 ms  DeleteObjects: 0.109700 ms)

AssetImportParameters requested are different than current active one (requested -> active):
  custom:framework-win-MediaFoundation: 216162199b28c13a410421893ffa2e32 -> 
  custom:video-decoder-ogg-theora: a1e56fd34408186e4bbccfd4996cb3dc -> 
  custom:container-muxer-webm: aa71ff27fc2769a1b78a27578f13a17b -> 
  custom:container-demuxer-webm: 4f35f7cbe854078d1ac9338744f61a02 -> 
  custom:container-demuxer-ogg: 62fdf1f143b41e24485cea50d1cbac27 -> 
  custom:video-encoder-webm-vp8: eb34c28f22e8b96e1ab97ce403110664 -> 
  custom:video-decoder-webm-vp8: 9c59270c3fd7afecdb556c50c9e8de78 -> 
  custom:audio-decoder-ogg-vorbis: bf7c407c2cedff20999df2af8eb42d56 -> 
  custom:audio-encoder-webm-vorbis: bf7c407c2cedff20999df2af8eb42d56 -> 
========================================================================
Received Import Request.
  Time since last request: 122.721971 seconds.
  path: Assets/Scenes
  artifactKey: Guid(e56c24b6dce78334ab1df0d4f566d8be) Importer(815301076,1909f56bfc062723c751e8b465ee728b)
Start importing Assets/Scenes using Guid(e56c24b6dce78334ab1df0d4f566d8be) Importer(815301076,1909f56bfc062723c751e8b465ee728b)  -> (artifact id: '2066141d4076bfbe2c9e876406fd63a3') in 0.002310 seconds 
  Import took 0.008501 seconds .

========================================================================
Received Import Request.
  Time since last request: 10.006993 seconds.
  path: Assets/Scenes/Menu.unity
  artifactKey: Guid(384610a3cb4a7ef4bb545d3510af69d2) Importer(815301076,1909f56bfc062723c751e8b465ee728b)
Start importing Assets/Scenes/Menu.unity using Guid(384610a3cb4a7ef4bb545d3510af69d2) Importer(815301076,1909f56bfc062723c751e8b465ee728b)  -> (artifact id: '6f40d32d6ddbca70ab82a6e6a66a4450') in 0.005279 seconds 
  Import took 0.010938 seconds .

========================================================================
Received Import Request.
  Time since last request: 1.602289 seconds.
  path: Assets/Scenes/SampleScene.unity
  artifactKey: Guid(2cda990e2423bbf4892e6590ba056729) Importer(815301076,1909f56bfc062723c751e8b465ee728b)
Start importing Assets/Scenes/SampleScene.unity using Guid(2cda990e2423bbf4892e6590ba056729) Importer(815301076,1909f56bfc062723c751e8b465ee728b)  -> (artifact id: '61d2ea889bd5286abccb96d14c0bac90') in 0.002079 seconds 
  Import took 0.007754 seconds .

========================================================================
Received Import Request.
  Time since last request: 6.930191 seconds.
  path: Assets/Scenes/CenaDoJogo.unity
  artifactKey: Guid(2cda990e2423bbf4892e6590ba056729) Importer(815301076,1909f56bfc062723c751e8b465ee728b)
Start importing Assets/Scenes/CenaDoJogo.unity using Guid(2cda990e2423bbf4892e6590ba056729) Importer(815301076,1909f56bfc062723c751e8b465ee728b)  -> (artifact id: '95e3ef8170cf162e5a3be42f756aac17') in 0.002565 seconds 
  Import took 0.008211 seconds .

========================================================================
Received Import Request.
  Time since last request: 131.267308 seconds.
  path: Assets/Resources/DOTweenSettings.asset
  artifactKey: Guid(4519e685a128ea4438a1da6c9c21607e) Importer(815301076,1909f56bfc062723c751e8b465ee728b)
Start importing Assets/Resources/DOTweenSettings.asset using Guid(4519e685a128ea4438a1da6c9c21607e) Importer(815301076,1909f56bfc062723c751e8b465ee728b)  -> (artifact id: 'a87a1eded79127e06410aedbe26dcabf') in 0.003126 seconds 
  Import took 0.009431 seconds .

========================================================================
Received Import Request.
  Time since last request: 29.460461 seconds.
  path: Assets/Scenes/Creditos.unity
  artifactKey: Guid(6cfad11d6f0742c45a007ac550895b34) Importer(815301076,1909f56bfc062723c751e8b465ee728b)
Start importing Assets/Scenes/Creditos.unity using Guid(6cfad11d6f0742c45a007ac550895b34) Importer(815301076,1909f56bfc062723c751e8b465ee728b)  -> (artifact id: '28ab5297b1c4e935e65b3ca4e345cdf2') in 0.002198 seconds 
  Import took 0.007874 seconds .

AssetImportWorkerClient::OnTransportError - code=2 error=End of file
